# JRE version: Java(TM) SE Runtime Environment (8.0_74-b02) (build 1.8.0_74-b02)
# Java VM: Java HotSpot(TM) 64-Bit Server VM (25.74-b02 mixed mode windows-amd64 compressed oops)
Heap:
 PSYoungGen      total 171520K, used 66842K [0x00000000eab00000, 0x00000000ffd00000, 0x0000000100000000)
  eden space 84480K, 79% used [0x00000000eab00000,0x00000000eec469f8,0x00000000efd80000)
  from space 87040K, 0% used [0x00000000efd80000,0x00000000efd80000,0x00000000f5280000)
  to   space 116224K, 0% used [0x00000000f8b80000,0x00000000f8b80000,0x00000000ffd00000)
 ParOldGen       total 224256K, used 86416K [0x00000000c0000000, 0x00000000cdb00000, 0x00000000eab00000)
  object space 224256K, 38% used [0x00000000c0000000,0x00000000c54642f0,0x00000000cdb00000)
 Metaspace       used 6512K, capacity 7192K, committed 7424K, reserved 1056768K
  class space    used 629K, capacity 656K, committed 768K, reserved 1048576K
GC Heap History (10 events):
Event: 20.095 GC heap before
{Heap before GC invocations=10 (full 2):
 PSYoungGen      total 138240K, used 117906K [0x00000000eab00000, 0x00000000f9480000, 0x0000000100000000)
  eden space 74240K, 100% used [0x00000000eab00000,0x00000000ef380000,0x00000000ef380000)
  from space 64000K, 68% used [0x00000000ef380000,0x00000000f1e24818,0x00000000f3200000)
  to   space 67584K, 0% used [0x00000000f5280000,0x00000000f5280000,0x00000000f9480000)
 ParOldGen       total 224256K, used 91554K [0x00000000c0000000, 0x00000000cdb00000, 0x00000000eab00000)
  object space 224256K, 40% used [0x00000000c0000000,0x00000000c5968b28,0x00000000cdb00000)
 Metaspace       used 6512K, capacity 7192K, committed 7424K, reserved 1056768K
  class space    used 629K, capacity 656K, committed 768K, reserved 1048576K
Event: 20.497 GC heap after
Heap after GC invocations=10 (full 2):
 PSYoungGen      total 152064K, used 67567K [0x00000000eab00000, 0x00000000fc600000, 0x0000000100000000)
  eden space 84480K, 0% used [0x00000000eab00000,0x00000000eab00000,0x00000000efd80000)
  from space 67584K, 99% used [0x00000000f5280000,0x00000000f947bd00,0x00000000f9480000)
  to   space 87040K, 0% used [0x00000000efd80000,0x00000000efd80000,0x00000000f5280000)
 ParOldGen       total 224256K, used 107318K [0x00000000c0000000, 0x00000000cdb00000, 0x00000000eab00000)
  object space 224256K, 47% used [0x00000000c0000000,0x00000000c68cd818,0x00000000cdb00000)
 Metaspace       used 6512K, capacity 7192K, committed 7424K, reserved 1056768K
  class space    used 629K, capacity 656K, committed 768K, reserved 1048576K
}
Event: 20.788 GC heap before
{Heap before GC invocations=11 (full 2):
 PSYoungGen      total 152064K, used 152047K [0x00000000eab00000, 0x00000000fc600000, 0x0000000100000000)
  eden space 84480K, 100% used [0x00000000eab00000,0x00000000efd80000,0x00000000efd80000)
  from space 67584K, 99% used [0x00000000f5280000,0x00000000f947bd00,0x00000000f9480000)
  to   space 87040K, 0% used [0x00000000efd80000,0x00000000efd80000,0x00000000f5280000)
 ParOldGen       total 224256K, used 107318K [0x00000000c0000000, 0x00000000cdb00000, 0x00000000eab00000)
  object space 224256K, 47% used [0x00000000c0000000,0x00000000c68cd818,0x00000000cdb00000)
 Metaspace       used 6512K, capacity 7192K, committed 7424K, reserved 1056768K
  class space    used 629K, capacity 656K, committed 768K, reserved 1048576K
Event: 20.906 GC heap after
Heap after GC invocations=11 (full 2):
 PSYoungGen      total 171520K, used 78657K [0x00000000eab00000, 0x00000000fdb80000, 0x0000000100000000)
  eden space 84480K, 0% used [0x00000000eab00000,0x00000000eab00000,0x00000000efd80000)
  from space 87040K, 90% used [0x00000000efd80000,0x00000000f4a505f8,0x00000000f5280000)
  to   space 99328K, 0% used [0x00000000f7a80000,0x00000000f7a80000,0x00000000fdb80000)
 ParOldGen       total 224256K, used 107318K [0x00000000c0000000, 0x00000000cdb00000, 0x00000000eab00000)
  object space 224256K, 47% used [0x00000000c0000000,0x00000000c68cd818,0x00000000cdb00000)
 Metaspace       used 6512K, capacity 7192K, committed 7424K, reserved 1056768K
  class space    used 629K, capacity 656K, committed 768K, reserved 1048576K
}
Event: 21.019 GC heap before
{Heap before GC invocations=12 (full 2):
 PSYoungGen      total 171520K, used 163137K [0x00000000eab00000, 0x00000000fdb80000, 0x0000000100000000)
  eden space 84480K, 100% used [0x00000000eab00000,0x00000000efd80000,0x00000000efd80000)
  from space 87040K, 90% used [0x00000000efd80000,0x00000000f4a505f8,0x00000000f5280000)
  to   space 99328K, 0% used [0x00000000f7a80000,0x00000000f7a80000,0x00000000fdb80000)
 ParOldGen       total 224256K, used 107318K [0x00000000c0000000, 0x00000000cdb00000, 0x00000000eab00000)
  object space 224256K, 47% used [0x00000000c0000000,0x00000000c68cd818,0x00000000cdb00000)
 Metaspace       used 6512K, capacity 7192K, committed 7424K, reserved 1056768K
  class space    used 629K, capacity 656K, committed 768K, reserved 1048576K
Event: 21.138 GC heap after
Heap after GC invocations=12 (full 2):
 PSYoungGen      total 183808K, used 99324K [0x00000000eab00000, 0x00000000fdb80000, 0x0000000100000000)
  eden space 84480K, 0% used [0x00000000eab00000,0x00000000eab00000,0x00000000efd80000)
  from space 99328K, 99% used [0x00000000f7a80000,0x00000000fdb7f3c8,0x00000000fdb80000)
  to   space 87040K, 0% used [0x00000000efd80000,0x00000000efd80000,0x00000000f5280000)
 ParOldGen       total 224256K, used 128326K [0x00000000c0000000, 0x00000000cdb00000, 0x00000000eab00000)
  object space 224256K, 57% used [0x00000000c0000000,0x00000000c7d51938,0x00000000cdb00000)
 Metaspace       used 6512K, capacity 7192K, committed 7424K, reserved 1056768K
  class space    used 629K, capacity 656K, committed 768K, reserved 1048576K
}
Event: 21.446 GC heap before
{Heap before GC invocations=13 (full 2):
 PSYoungGen      total 183808K, used 183588K [0x00000000eab00000, 0x00000000fdb80000, 0x0000000100000000)
  eden space 84480K, 99% used [0x00000000eab00000,0x00000000efd49de0,0x00000000efd80000)
  from space 99328K, 99% used [0x00000000f7a80000,0x00000000fdb7f3c8,0x00000000fdb80000)
  to   space 87040K, 0% used [0x00000000efd80000,0x00000000efd80000,0x00000000f5280000)
 ParOldGen       total 224256K, used 128326K [0x00000000c0000000, 0x00000000cdb00000, 0x00000000eab00000)
  object space 224256K, 57% used [0x00000000c0000000,0x00000000c7d51938,0x00000000cdb00000)
 Metaspace       used 6512K, capacity 7192K, committed 7424K, reserved 1056768K
  class space    used 629K, capacity 656K, committed 768K, reserved 1048576K
Event: 21.541 GC heap after
Heap after GC invocations=13 (full 2):
 PSYoungGen      total 171520K, used 65179K [0x00000000eab00000, 0x00000000ffd00000, 0x0000000100000000)
  eden space 84480K, 0% used [0x00000000eab00000,0x00000000eab00000,0x00000000efd80000)
  from space 87040K, 74% used [0x00000000efd80000,0x00000000f3d26de8,0x00000000f5280000)
  to   space 116224K, 0% used [0x00000000f8b80000,0x00000000f8b80000,0x00000000ffd00000)
 ParOldGen       total 224256K, used 192369K [0x00000000c0000000, 0x00000000cdb00000, 0x00000000eab00000)
  object space 224256K, 85% used [0x00000000c0000000,0x00000000cbbdc720,0x00000000cdb00000)
 Metaspace       used 6512K, capacity 7192K, committed 7424K, reserved 1056768K
  class space    used 629K, capacity 656K, committed 768K, reserved 1048576K
}
Event: 21.541 GC heap before
{Heap before GC invocations=14 (full 3):
 PSYoungGen      total 171520K, used 65179K [0x00000000eab00000, 0x00000000ffd00000, 0x0000000100000000)
  eden space 84480K, 0% used [0x00000000eab00000,0x00000000eab00000,0x00000000efd80000)
  from space 87040K, 74% used [0x00000000efd80000,0x00000000f3d26de8,0x00000000f5280000)
  to   space 116224K, 0% used [0x00000000f8b80000,0x00000000f8b80000,0x00000000ffd00000)
 ParOldGen       total 224256K, used 192369K [0x00000000c0000000, 0x00000000cdb00000, 0x00000000eab00000)
  object space 224256K, 85% used [0x00000000c0000000,0x00000000cbbdc720,0x00000000cdb00000)
 Metaspace       used 6512K, capacity 7192K, committed 7424K, reserved 1056768K
  class space    used 629K, capacity 656K, committed 768K, reserved 1048576K
Event: 22.038 GC heap after
Heap after GC invocations=14 (full 3):
 PSYoungGen      total 171520K, used 0K [0x00000000eab00000, 0x00000000ffd00000, 0x0000000100000000)
  eden space 84480K, 0% used [0x00000000eab00000,0x00000000eab00000,0x00000000efd80000)
  from space 87040K, 0% used [0x00000000efd80000,0x00000000efd80000,0x00000000f5280000)
  to   space 116224K, 0% used [0x00000000f8b80000,0x00000000f8b80000,0x00000000ffd00000)
 ParOldGen       total 224256K, used 86416K [0x00000000c0000000, 0x00000000cdb00000, 0x00000000eab00000)
  object space 224256K, 38% used [0x00000000c0000000,0x00000000c54642f0,0x00000000cdb00000)
 Metaspace       used 6512K, capacity 7192K, committed 7424K, reserved 1056768K
  class space    used 629K, capacity 656K, committed 768K, reserved 1048576K
}

